<?xml version="1.0" encoding="UTF-8"?>
<!-- Generated by org.testng.reporters.JUnitXMLReporter -->
<testsuite ignored="0" hostname="TYSS-Piyush-Baldaniya" failures="1" tests="1" name="Test(failed)" time="15.357" errors="0" timestamp="2025-03-31T12:32:17 IST">
  <testcase classname="extra.Demo1" name="chrome" time="0.018">
    <failure type="java.lang.AssertionError" message="expected [true] but found [false]">
      <![CDATA[java.lang.AssertionError: expected [true] but found [false]
at extra.Demo1.chrome(Demo1.java:11)
at java.base/java.util.ArrayList.forEach(ArrayList.java:1597)
... Removed 29 stack frames]]>
    </failure>
  </testcase> <!-- chrome -->
</testsuite> <!-- Test(failed) -->
